[debug] [2022-04-03T13:17:34.580Z] ----------------------------------------------------------------------
[debug] [2022-04-03T13:17:34.582Z] Command:       /usr/bin/node /usr/bin/firebase init
[debug] [2022-04-03T13:17:34.585Z] CLI Version:   10.5.0
[debug] [2022-04-03T13:17:34.586Z] Platform:      linux
[debug] [2022-04-03T13:17:34.587Z] Node Version:  v17.7.1
[debug] [2022-04-03T13:17:34.588Z] Time:          Sun Apr 03 2022 10:17:34 GMT-0300 (hora estándar de Argentina)
[debug] [2022-04-03T13:17:34.589Z] ----------------------------------------------------------------------
[debug] 
[debug] [2022-04-03T13:17:34.598Z] > command requires scopes: ["email","openid","https://www.googleapis.com/auth/cloudplatformprojects.readonly","https://www.googleapis.com/auth/firebase","https://www.googleapis.com/auth/cloud-platform"]
[debug] [2022-04-03T13:17:34.599Z] > authorizing via signed-in user (juanmarcelo.rodrigueztandil@gmail.com)
[info] 
     ######## #### ########  ######## ########     ###     ######  ########
     ##        ##  ##     ## ##       ##     ##  ##   ##  ##       ##
     ######    ##  ########  ######   ########  #########  ######  ######
     ##        ##  ##    ##  ##       ##     ## ##     ##       ## ##
     ##       #### ##     ## ######## ########  ##     ##  ######  ########

You're about to initialize a Firebase project in this directory:

  /home/jmro/Documentos/Programacion/Practicas/PrimeraApp

[info] 
=== Project Setup
[info] 
[info] First, let's associate this project directory with a Firebase project.
[info] You can create multiple project aliases by running firebase use --add, 
[info] but for now we'll just set up a default project.
[info] 
[info] i  If you want to create a project in a Google Cloud organization or folder, please use "firebase projects:create" instead, and return to this command when you've created the project. 
[debug] [2022-04-03T13:17:53.423Z] > refreshing access token with scopes: ["email","https://www.googleapis.com/auth/cloud-platform","https://www.googleapis.com/auth/cloudplatformprojects.readonly","https://www.googleapis.com/auth/firebase","openid"]
[debug] [2022-04-03T13:17:53.425Z] >>> HTTP REQUEST POST https://www.googleapis.com/oauth2/v3/token  
 <request body omitted>
[debug] [2022-04-03T13:17:53.643Z] <<< HTTP RESPONSE 200 {"pragma":"no-cache","expires":"Mon, 01 Jan 1990 00:00:00 GMT","cache-control":"no-cache, no-store, max-age=0, must-revalidate","date":"Sun, 03 Apr 2022 13:17:45 GMT","content-type":"application/json; charset=utf-8","vary":"X-Origin, Referer, Origin,Accept-Encoding","server":"scaffolding on HTTPServer2","x-xss-protection":"0","x-frame-options":"SAMEORIGIN","x-content-type-options":"nosniff","alt-svc":"h3=\":443\"; ma=2592000,h3-29=\":443\"; ma=2592000,h3-Q050=\":443\"; ma=2592000,h3-Q046=\":443\"; ma=2592000,h3-Q043=\":443\"; ma=2592000,quic=\":443\"; ma=2592000; v=\"46,43\"","accept-ranges":"none","transfer-encoding":"chunked"}
[debug] [2022-04-03T13:17:53.664Z] >>> HTTP REQUEST POST https://cloudresourcemanager.googleapis.com/v1/projects  
 {"projectId":"test","name":"test"}
[debug] [2022-04-03T13:17:54.568Z] <<< HTTP RESPONSE 400 {"vary":"X-Origin, Referer, Origin,Accept-Encoding","content-type":"application/json; charset=UTF-8","date":"Sun, 03 Apr 2022 13:17:46 GMT","server":"ESF","cache-control":"private","x-xss-protection":"0","x-frame-options":"SAMEORIGIN","x-content-type-options":"nosniff","server-timing":"gfet4t7; dur=763","alt-svc":"h3=\":443\"; ma=2592000,h3-29=\":443\"; ma=2592000,h3-Q050=\":443\"; ma=2592000,h3-Q046=\":443\"; ma=2592000,h3-Q043=\":443\"; ma=2592000,quic=\":443\"; ma=2592000; v=\"46,43\"","accept-ranges":"none","transfer-encoding":"chunked"}
[debug] [2022-04-03T13:17:54.569Z] <<< HTTP RESPONSE BODY {"error":{"code":400,"message":"field [project_id] has issue [project_id must be at least 6 characters long]","status":"INVALID_ARGUMENT","details":[{"@type":"type.googleapis.com/google.rpc.BadRequest","fieldViolations":[{"field":"project_id","description":"project_id must be at least 6 characters long"}]},{"@type":"type.googleapis.com/google.rpc.Help","links":[{"url":"https://cloud.google.com/resource-manager/reference/rest/v1/projects"}]}]}}
[debug] [2022-04-03T13:17:54.717Z] FirebaseError: HTTP Error: 400, field [project_id] has issue [project_id must be at least 6 characters long]
    at module.exports (/usr/lib/node_modules/firebase-tools/lib/responseToError.js:47:12)
    at Request._callback (/usr/lib/node_modules/firebase-tools/lib/api.js:41:35)
    at Request.self.callback (/usr/lib/node_modules/firebase-tools/node_modules/request/request.js:185:22)
    at Request.emit (node:events:527:28)
    at Request.emit (node:domain:475:12)
    at Request.<anonymous> (/usr/lib/node_modules/firebase-tools/node_modules/request/request.js:1154:10)
    at Request.emit (node:events:527:28)
    at Request.emit (node:domain:475:12)
    at IncomingMessage.<anonymous> (/usr/lib/node_modules/firebase-tools/node_modules/request/request.js:1076:12)
    at Object.onceWrapper (node:events:641:28)
    at IncomingMessage.emit (node:events:539:35)
    at IncomingMessage.emit (node:domain:475:12)
    at endReadableNT (node:internal/streams/readable:1342:12)
    at processTicksAndRejections (node:internal/process/task_queues:83:21)
[error] 
[error] Error: Failed to create project. See firebase-debug.log for more info.
[debug] [2022-04-03T13:18:02.025Z] ----------------------------------------------------------------------
[debug] [2022-04-03T13:18:02.028Z] Command:       /usr/bin/node /usr/bin/firebase init
[debug] [2022-04-03T13:18:02.029Z] CLI Version:   10.5.0
[debug] [2022-04-03T13:18:02.029Z] Platform:      linux
[debug] [2022-04-03T13:18:02.029Z] Node Version:  v17.7.1
[debug] [2022-04-03T13:18:02.030Z] Time:          Sun Apr 03 2022 10:18:02 GMT-0300 (hora estándar de Argentina)
[debug] [2022-04-03T13:18:02.030Z] ----------------------------------------------------------------------
[debug] 
[debug] [2022-04-03T13:18:02.037Z] > command requires scopes: ["email","openid","https://www.googleapis.com/auth/cloudplatformprojects.readonly","https://www.googleapis.com/auth/firebase","https://www.googleapis.com/auth/cloud-platform"]
[debug] [2022-04-03T13:18:02.037Z] > authorizing via signed-in user (juanmarcelo.rodrigueztandil@gmail.com)
[info] 
     ######## #### ########  ######## ########     ###     ######  ########
     ##        ##  ##     ## ##       ##     ##  ##   ##  ##       ##
     ######    ##  ########  ######   ########  #########  ######  ######
     ##        ##  ##    ##  ##       ##     ## ##     ##       ## ##
     ##       #### ##     ## ######## ########  ##     ##  ######  ########

You're about to initialize a Firebase project in this directory:

  /home/jmro/Documentos/Programacion/Practicas/PrimeraApp

[info] 
=== Project Setup
[info] 
[info] First, let's associate this project directory with a Firebase project.
[info] You can create multiple project aliases by running firebase use --add, 
[info] but for now we'll just set up a default project.
[info] 
[info] i  If you want to create a project in a Google Cloud organization or folder, please use "firebase projects:create" instead, and return to this command when you've created the project. 
[debug] [2022-04-03T13:18:22.955Z] >>> HTTP REQUEST POST https://cloudresourcemanager.googleapis.com/v1/projects  
 {"projectId":"test","name":"123"}
[debug] [2022-04-03T13:18:23.906Z] <<< HTTP RESPONSE 400 {"vary":"X-Origin, Referer, Origin,Accept-Encoding","content-type":"application/json; charset=UTF-8","date":"Sun, 03 Apr 2022 13:18:15 GMT","server":"ESF","cache-control":"private","x-xss-protection":"0","x-frame-options":"SAMEORIGIN","x-content-type-options":"nosniff","server-timing":"gfet4t7; dur=767","alt-svc":"h3=\":443\"; ma=2592000,h3-29=\":443\"; ma=2592000,h3-Q050=\":443\"; ma=2592000,h3-Q046=\":443\"; ma=2592000,h3-Q043=\":443\"; ma=2592000,quic=\":443\"; ma=2592000; v=\"46,43\"","accept-ranges":"none","transfer-encoding":"chunked"}
[debug] [2022-04-03T13:18:23.907Z] <<< HTTP RESPONSE BODY {"error":{"code":400,"message":"Request contains an invalid argument.","status":"INVALID_ARGUMENT","details":[{"@type":"type.googleapis.com/google.rpc.BadRequest","fieldViolations":[{"field":"project_id","description":"project_id must be at least 6 characters long"},{"field":"display_name","description":"project display name must be at least 4 characters"}]},{"@type":"type.googleapis.com/google.rpc.Help","links":[{"url":"https://cloud.google.com/resource-manager/reference/rest/v1/projects"}]}]}}
[debug] [2022-04-03T13:18:24.057Z] FirebaseError: HTTP Error: 400, Request contains an invalid argument.
    at module.exports (/usr/lib/node_modules/firebase-tools/lib/responseToError.js:47:12)
    at Request._callback (/usr/lib/node_modules/firebase-tools/lib/api.js:41:35)
    at Request.self.callback (/usr/lib/node_modules/firebase-tools/node_modules/request/request.js:185:22)
    at Request.emit (node:events:527:28)
    at Request.emit (node:domain:475:12)
    at Request.<anonymous> (/usr/lib/node_modules/firebase-tools/node_modules/request/request.js:1154:10)
    at Request.emit (node:events:527:28)
    at Request.emit (node:domain:475:12)
    at IncomingMessage.<anonymous> (/usr/lib/node_modules/firebase-tools/node_modules/request/request.js:1076:12)
    at Object.onceWrapper (node:events:641:28)
    at IncomingMessage.emit (node:events:539:35)
    at IncomingMessage.emit (node:domain:475:12)
    at endReadableNT (node:internal/streams/readable:1342:12)
    at processTicksAndRejections (node:internal/process/task_queues:83:21)
[error] 
[error] Error: Failed to create project. See firebase-debug.log for more info.
